2023-05-04 03:51:49,218 [INFO] ====== WebDriver manager ======
2023-05-04 03:51:49,324 [INFO] Driver [/Users/nsahakyan/.wdm/drivers/chromedriver/mac_arm64/112.0.5615.49/chromedriver] found in cache
2023-05-04 03:51:54,473 [INFO] Fetching data for ACURA ILX
2023-05-04 03:52:00,262 [INFO] All pages viewed
2023-05-04 03:52:01,033 [INFO] Fetching data for ACURA MDX
2023-05-04 03:52:05,525 [INFO] All pages viewed
2023-05-04 03:52:06,188 [INFO] Fetching data for ACURA RDX
2023-05-04 03:52:10,644 [INFO] All pages viewed
2023-05-04 03:52:11,303 [INFO] Fetching data for ACURA RDX ADVANC
2023-05-04 03:52:12,090 [INFO] Unable to find data for ACURA RDX ADVANC
2023-05-04 03:52:12,800 [INFO] Fetching data for ACURA TLX
2023-05-04 03:52:16,709 [INFO] All pages viewed
2023-05-04 03:52:17,383 [INFO] Fetching data for AUDI A3
2023-05-04 03:52:29,376 [INFO] No results were found
2023-05-04 03:52:30,132 [INFO] Fetching data for AUDI A4
2023-05-04 03:52:32,928 [INFO] All pages viewed
2023-05-04 03:52:33,594 [INFO] Fetching data for AUDI A6
2023-05-04 03:52:38,230 [INFO] All pages viewed
2023-05-04 03:52:38,921 [INFO] Fetching data for AUDI Q3 PREMIUM
2023-05-04 03:52:39,713 [INFO] Unable to find data for AUDI Q3 PREMIUM
2023-05-04 03:52:40,378 [INFO] Fetching data for AUDI Q3 PRESTIG
2023-05-04 03:52:41,211 [INFO] Unable to find data for AUDI Q3 PRESTIG
2023-05-04 03:52:41,870 [INFO] Fetching data for AUDI Q7 PREMIUM
2023-05-04 03:52:42,679 [INFO] Unable to find data for AUDI Q7 PREMIUM
2023-05-04 03:52:43,353 [INFO] Fetching data for BMW 2 SERIES
2023-05-04 03:52:47,473 [INFO] All pages viewed
2023-05-04 03:52:48,158 [INFO] Fetching data for BMW 3 SERIES
2023-05-04 03:53:19,023 [INFO] StaleElementReference retrying !
2023-05-04 03:53:34,965 [INFO] No results were found
2023-05-04 03:53:35,717 [INFO] Fetching data for BMW 4 SERIES
2023-05-04 03:53:58,641 [INFO] All pages viewed
2023-05-04 03:53:59,382 [INFO] Fetching data for BMW 428 I
2023-05-04 03:54:00,353 [INFO] Unable to find data for BMW 428 I
2023-05-04 03:54:01,268 [INFO] Fetching data for BMW 428 XI
2023-05-04 03:54:02,000 [INFO] Unable to find data for BMW 428 XI
2023-05-04 03:54:02,691 [INFO] Fetching data for BMW 5 SERIES
2023-05-04 03:54:32,840 [INFO] StaleElementReference retrying !
2023-05-04 03:54:46,941 [INFO] No results were found
2023-05-04 03:54:47,670 [INFO] Fetching data for BMW 535 I
2023-05-04 03:54:48,799 [INFO] Unable to find data for BMW 535 I
2023-05-04 03:54:49,455 [INFO] Fetching data for BMW 550 I
2023-05-04 03:54:50,299 [INFO] Unable to find data for BMW 550 I
2023-05-04 03:54:50,971 [INFO] Fetching data for BMW 6 SERIES
2023-05-04 03:54:56,413 [INFO] All pages viewed
2023-05-04 03:54:57,143 [INFO] Fetching data for BMW M4
2023-05-04 03:55:01,037 [INFO] All pages viewed
2023-05-04 03:55:01,777 [INFO] Fetching data for BMW M6
2023-05-04 03:55:14,387 [INFO] No results were found
2023-05-04 03:55:15,077 [INFO] Fetching data for BMW X1 XDRIVE2
2023-05-04 03:55:16,007 [INFO] Unable to find data for BMW X1 XDRIVE2
2023-05-04 03:55:16,693 [INFO] Fetching data for BMW X3
2023-05-04 03:55:28,811 [INFO] No results were found
2023-05-04 03:55:29,609 [INFO] Fetching data for BMW X5 SDRIVE3
2023-05-04 03:55:30,537 [INFO] Unable to find data for BMW X5 SDRIVE3
2023-05-04 03:55:31,219 [INFO] Fetching data for BMW X5 XDRIVE3
2023-05-04 03:55:32,075 [INFO] Unable to find data for BMW X5 XDRIVE3
2023-05-04 03:55:32,744 [INFO] Fetching data for BMW X5 XDRIVE5
2023-05-04 03:55:33,497 [INFO] Unable to find data for BMW X5 XDRIVE5
2023-05-04 03:55:34,156 [INFO] Fetching data for BMW X6
2023-05-04 03:55:56,270 [INFO] All pages viewed
2023-05-04 03:55:56,968 [INFO] Fetching data for BMW Z4
2023-05-04 03:55:59,523 [INFO] No results were found
2023-05-04 03:56:00,242 [INFO] Fetching data for HONDA ACCORD
2023-05-04 03:56:29,760 [INFO] StaleElementReference retrying !
2023-05-04 03:56:37,242 [INFO] No results were found
2023-05-04 03:56:37,944 [INFO] Fetching data for HONDA ACCORD EX
2023-05-04 03:56:38,939 [INFO] Unable to find data for HONDA ACCORD EX
2023-05-04 03:56:39,638 [INFO] Fetching data for HONDA ACCORD EXL
2023-05-04 03:56:40,548 [INFO] Unable to find data for HONDA ACCORD EXL
2023-05-04 03:56:41,173 [INFO] Fetching data for HONDA ACCORD LX
2023-05-04 03:56:42,003 [INFO] Unable to find data for HONDA ACCORD LX
2023-05-04 03:56:42,722 [INFO] Fetching data for HONDA ACCORD SPO
2023-05-04 03:56:43,677 [INFO] Unable to find data for HONDA ACCORD SPO
2023-05-04 03:56:44,346 [INFO] Fetching data for HONDA CIVIC
2023-05-04 03:56:57,203 [INFO] All pages viewed
2023-05-04 03:56:57,900 [INFO] Fetching data for HONDA CIVIC EXL
2023-05-04 03:56:58,859 [INFO] Unable to find data for HONDA CIVIC EXL
2023-05-04 03:56:59,635 [INFO] Fetching data for HONDA CIVIC LX
2023-05-04 03:57:00,500 [INFO] Unable to find data for HONDA CIVIC LX
2023-05-04 03:57:01,207 [INFO] Fetching data for HONDA CR-V EX
2023-05-04 03:57:02,179 [INFO] Unable to find data for HONDA CR-V EX
2023-05-04 03:57:02,801 [INFO] Fetching data for HONDA CR-V EXL
2023-05-04 03:57:03,821 [INFO] Unable to find data for HONDA CR-V EXL
2023-05-04 03:57:04,491 [INFO] Fetching data for HONDA CR-V LX
2023-05-04 03:57:05,316 [INFO] Unable to find data for HONDA CR-V LX
2023-05-04 03:57:05,983 [INFO] Fetching data for HONDA CR-V SE
2023-05-04 03:57:06,932 [INFO] Unable to find data for HONDA CR-V SE
2023-05-04 03:57:07,610 [INFO] Fetching data for HONDA CR-V TOURI
2023-05-04 03:57:08,552 [INFO] Unable to find data for HONDA CR-V TOURI
2023-05-04 03:57:09,299 [INFO] Fetching data for HONDA HR-V EX
2023-05-04 03:57:10,151 [INFO] Unable to find data for HONDA HR-V EX
2023-05-04 03:57:10,847 [INFO] Fetching data for HONDA HR-V EXL
2023-05-04 03:57:11,772 [INFO] Unable to find data for HONDA HR-V EXL
2023-05-04 03:57:12,594 [INFO] Fetching data for HONDA HR-V LX
2023-05-04 03:57:13,381 [INFO] Unable to find data for HONDA HR-V LX
2023-05-04 03:57:14,069 [INFO] Fetching data for HONDA ODYSSEY EX
2023-05-04 03:57:15,089 [INFO] Unable to find data for HONDA ODYSSEY EX
2023-05-04 03:57:15,754 [INFO] Fetching data for HONDA ODYSSEY LX
2023-05-04 03:57:16,646 [INFO] Unable to find data for HONDA ODYSSEY LX
2023-05-04 03:57:17,214 [INFO] Fetching data for HONDA ODYSSEY SE
2023-05-04 03:57:18,031 [INFO] Unable to find data for HONDA ODYSSEY SE
2023-05-04 03:57:18,703 [INFO] Fetching data for HONDA ODYSSEY TO
2023-05-04 03:57:19,634 [INFO] Unable to find data for HONDA ODYSSEY TO
2023-05-04 03:57:20,318 [INFO] Fetching data for HONDA PILOT EX
2023-05-04 03:57:21,111 [INFO] Unable to find data for HONDA PILOT EX
2023-05-04 03:57:21,762 [INFO] Fetching data for HONDA PILOT EXL
2023-05-04 03:57:22,652 [INFO] Unable to find data for HONDA PILOT EXL
2023-05-04 03:57:23,317 [INFO] Fetching data for HONDA PILOT LX
2023-05-04 03:57:24,173 [INFO] Unable to find data for HONDA PILOT LX
2023-05-04 03:57:24,864 [INFO] Fetching data for HONDA PILOT TOUR
2023-05-04 03:57:25,962 [INFO] Unable to find data for HONDA PILOT TOUR
2023-05-04 03:57:26,642 [INFO] Fetching data for LEXUS ES350
2023-05-04 03:57:27,577 [INFO] Unable to find data for LEXUS ES350
2023-05-04 03:57:28,258 [INFO] Fetching data for LEXUS GS200
2023-05-04 03:57:29,110 [INFO] Unable to find data for LEXUS GS200
2023-05-04 03:57:29,813 [INFO] Fetching data for LEXUS GX
2023-05-04 03:57:48,714 [INFO] All pages viewed
2023-05-04 03:57:49,413 [INFO] Fetching data for LEXUS IS
2023-05-04 03:58:06,111 [INFO] All pages viewed
2023-05-04 03:58:06,782 [INFO] Fetching data for LEXUS LX 570
2023-05-04 03:58:17,372 [INFO] All pages viewed
2023-05-04 03:58:18,131 [INFO] Fetching data for LEXUS NX 200T
2023-05-04 03:58:29,130 [INFO] All pages viewed
2023-05-04 03:58:29,945 [INFO] Fetching data for LEXUS RX 350
2023-05-04 03:58:45,654 [INFO] All pages viewed
2023-05-04 03:58:46,331 [INFO] Fetching data for MAZDA 3
2023-05-04 03:59:14,694 [INFO] StaleElementReference retrying !
2023-05-04 03:59:33,213 [INFO] No results were found
2023-05-04 03:59:33,904 [INFO] Fetching data for MAZDA 6
2023-05-04 04:00:01,996 [INFO] StaleElementReference retrying !
2023-05-04 04:00:30,787 [INFO] StaleElementReference retrying !
2023-05-04 04:00:59,502 [INFO] StaleElementReference retrying !
2023-05-04 04:01:28,002 [INFO] StaleElementReference retrying !
2023-05-04 04:01:38,926 [INFO] No results were found
2023-05-04 04:01:39,648 [INFO] Fetching data for MAZDA CX-5 GT
2023-05-04 04:01:40,639 [INFO] Unable to find data for MAZDA CX-5 GT
2023-05-04 04:01:41,295 [INFO] Fetching data for MAZDA CX-5 TOURI
2023-05-04 04:01:42,196 [INFO] Unable to find data for MAZDA CX-5 TOURI
2023-05-04 04:01:42,856 [INFO] Fetching data for MERCEDES-BENZ C CLASS
2023-05-04 04:01:43,839 [INFO] Unable to find data for MERCEDES-BENZ C CLASS
2023-05-04 04:01:44,603 [INFO] Fetching data for MERCEDES-BENZ E CLASS
2023-05-04 04:01:45,429 [INFO] Unable to find data for MERCEDES-BENZ E CLASS
2023-05-04 04:01:46,191 [INFO] Fetching data for MERCEDES-BENZ GLA 250
2023-05-04 04:01:56,345 [INFO] All pages viewed
2023-05-04 04:01:57,049 [INFO] Fetching data for MERCEDES-BENZ GLC 300
2023-05-04 04:02:08,059 [INFO] All pages viewed
2023-05-04 04:02:08,742 [INFO] Fetching data for MERCEDES-BENZ GLC 300 4M
2023-05-04 04:02:09,735 [INFO] Unable to find data for MERCEDES-BENZ GLC 300 4M
2023-05-04 04:02:10,613 [INFO] Fetching data for MERCEDES-BENZ GLE 350
2023-05-04 04:02:28,909 [INFO] All pages viewed
2023-05-04 04:02:29,751 [INFO] Fetching data for MERCEDES-BENZ GLE 350 4M
2023-05-04 04:02:30,559 [INFO] Unable to find data for MERCEDES-BENZ GLE 350 4M
2023-05-04 04:02:31,399 [INFO] Fetching data for MERCEDES-BENZ GLE COUPE
2023-05-04 04:02:32,129 [INFO] Unable to find data for MERCEDES-BENZ GLE COUPE
2023-05-04 04:02:32,963 [INFO] Fetching data for MERCEDES-BENZ GLS 450 4M
2023-05-04 04:02:33,689 [INFO] Unable to find data for MERCEDES-BENZ GLS 450 4M
2023-05-04 04:02:34,398 [INFO] Fetching data for MERCEDES-BENZ GLS 550 4M
2023-05-04 04:02:35,096 [INFO] Unable to find data for MERCEDES-BENZ GLS 550 4M
2023-05-04 04:02:35,930 [INFO] Fetching data for MERCEDES-BENZ S CLASS
2023-05-04 04:02:36,731 [INFO] Unable to find data for MERCEDES-BENZ S CLASS
2023-05-04 04:02:37,595 [INFO] Fetching data for MERCEDES-BENZ S MERCEDES
2023-05-04 04:02:38,409 [INFO] Unable to find data for MERCEDES-BENZ S MERCEDES
2023-05-04 04:02:39,278 [INFO] Fetching data for NISSAN 370Z
2023-05-04 04:02:39,988 [INFO] Unable to find data for NISSAN 370Z
2023-05-04 04:02:40,929 [INFO] Fetching data for NISSAN ALTIMA
2023-05-04 04:03:01,731 [INFO] All pages viewed
2023-05-04 04:03:02,506 [INFO] Fetching data for NISSAN FRONTIER S
2023-05-04 04:03:03,282 [INFO] Unable to find data for NISSAN FRONTIER S
2023-05-04 04:03:04,004 [INFO] Fetching data for NISSAN GTR
2023-05-04 04:03:04,709 [INFO] Unable to find data for NISSAN GTR
2023-05-04 04:03:05,445 [INFO] Fetching data for NISSAN JUKE S
2023-05-04 04:03:06,153 [INFO] Unable to find data for NISSAN JUKE S
2023-05-04 04:03:07,025 [INFO] Fetching data for NISSAN MAXIMA
2023-05-04 04:03:12,598 [INFO] All pages viewed
2023-05-04 04:03:13,339 [INFO] Fetching data for NISSAN MURANO S
2023-05-04 04:03:14,086 [INFO] Unable to find data for NISSAN MURANO S
2023-05-04 04:03:14,907 [INFO] Fetching data for NISSAN PATHFINDER
2023-05-04 04:03:22,996 [INFO] All pages viewed
2023-05-04 04:03:23,806 [INFO] Fetching data for NISSAN QUEST S
2023-05-04 04:03:24,518 [INFO] Unable to find data for NISSAN QUEST S
2023-05-04 04:03:25,406 [INFO] Fetching data for NISSAN ROGUE S
2023-05-04 04:03:26,106 [INFO] Unable to find data for NISSAN ROGUE S
2023-05-04 04:03:26,938 [INFO] Fetching data for NISSAN SENTRA
2023-05-04 04:03:55,590 [INFO] StaleElementReference retrying !
2023-05-04 04:04:05,415 [INFO] No results were found
2023-05-04 04:04:06,197 [INFO] Fetching data for NISSAN VERSA
2023-05-04 04:04:13,711 [INFO] All pages viewed
2023-05-04 04:04:14,481 [INFO] Fetching data for PORSCHE 911
2023-05-04 04:04:26,460 [INFO] No results were found
2023-05-04 04:04:27,394 [INFO] Fetching data for PORSCHE CAYENNE
2023-05-04 04:04:37,459 [INFO] All pages viewed
2023-05-04 04:04:38,220 [INFO] Fetching data for PORSCHE PANAMERA
2023-05-04 04:04:44,440 [INFO] All pages viewed
2023-05-04 04:04:45,299 [INFO] Fetching data for TOYOTA 4RUNNER SR
2023-05-04 04:04:46,000 [INFO] Unable to find data for TOYOTA 4RUNNER SR
2023-05-04 04:04:46,853 [INFO] Fetching data for TOYOTA 86 BASE
2023-05-04 04:04:47,562 [INFO] Unable to find data for TOYOTA 86 BASE
2023-05-04 04:04:48,270 [INFO] Fetching data for TOYOTA AVALON
2023-05-04 04:04:53,999 [INFO] All pages viewed
2023-05-04 04:04:54,796 [INFO] Fetching data for TOYOTA CAMRY
2023-05-04 04:05:23,585 [INFO] StaleElementReference retrying !
2023-05-04 04:05:52,910 [INFO] StaleElementReference retrying !
2023-05-04 04:06:22,735 [INFO] StaleElementReference retrying !
2023-05-04 04:06:52,631 [INFO] StaleElementReference retrying !
2023-05-04 04:07:22,906 [INFO] StaleElementReference retrying !
2023-05-04 04:07:41,004 [ERROR] 'NoneType' object has no attribute 'tbody'
